<?xml version="1.0" encoding="UTF-8"?>
<testsuite xmlns:xsi="http://www.w3.org/2001/XMLSchema-instance" xsi:noNamespaceSchemaLocation="https://maven.apache.org/surefire/maven-surefire-plugin/xsd/surefire-test-report-3.0.xsd" version="3.0" name="TestSuite" time="18.724" tests="10" errors="0" skipped="0" failures="0">
  <properties>
    <property name="java.specification.version" value="21"/>
    <property name="sun.jnu.encoding" value="UTF-8"/>
    <property name="java.class.path" value="/Users/anandnair/eclipse-workspace/petstoreAPI/target/test-classes:/Users/anandnair/eclipse-workspace/petstoreAPI/target/classes:/Users/anandnair/.m2/repository/io/rest-assured/rest-assured/5.1.1/rest-assured-5.1.1.jar:/Users/anandnair/.m2/repository/org/apache/groovy/groovy/4.0.1/groovy-4.0.1.jar:/Users/anandnair/.m2/repository/org/apache/groovy/groovy-xml/4.0.1/groovy-xml-4.0.1.jar:/Users/anandnair/.m2/repository/org/apache/httpcomponents/httpclient/4.5.13/httpclient-4.5.13.jar:/Users/anandnair/.m2/repository/org/apache/httpcomponents/httpcore/4.4.13/httpcore-4.4.13.jar:/Users/anandnair/.m2/repository/commons-logging/commons-logging/1.2/commons-logging-1.2.jar:/Users/anandnair/.m2/repository/org/apache/httpcomponents/httpmime/4.5.13/httpmime-4.5.13.jar:/Users/anandnair/.m2/repository/org/hamcrest/hamcrest/2.1/hamcrest-2.1.jar:/Users/anandnair/.m2/repository/org/ccil/cowan/tagsoup/tagsoup/1.2.1/tagsoup-1.2.1.jar:/Users/anandnair/.m2/repository/io/rest-assured/xml-path/5.1.1/xml-path-5.1.1.jar:/Users/anandnair/.m2/repository/io/rest-assured/json-path/5.1.1/json-path-5.1.1.jar:/Users/anandnair/.m2/repository/org/apache/groovy/groovy-json/4.0.1/groovy-json-4.0.1.jar:/Users/anandnair/.m2/repository/io/rest-assured/rest-assured-common/5.1.1/rest-assured-common-5.1.1.jar:/Users/anandnair/.m2/repository/org/json/json/20220320/json-20220320.jar:/Users/anandnair/.m2/repository/org/testng/testng/7.6.1/testng-7.6.1.jar:/Users/anandnair/.m2/repository/com/google/code/findbugs/jsr305/3.0.2/jsr305-3.0.2.jar:/Users/anandnair/.m2/repository/org/slf4j/slf4j-api/1.7.36/slf4j-api-1.7.36.jar:/Users/anandnair/.m2/repository/com/beust/jcommander/1.82/jcommander-1.82.jar:/Users/anandnair/.m2/repository/org/webjars/jquery/3.6.0/jquery-3.6.0.jar:/Users/anandnair/.m2/repository/io/rest-assured/json-schema-validator/5.1.1/json-schema-validator-5.1.1.jar:/Users/anandnair/.m2/repository/com/github/java-json-tools/json-schema-validator/2.2.14/json-schema-validator-2.2.14.jar:/Users/anandnair/.m2/repository/com/google/guava/guava/28.2-android/guava-28.2-android.jar:/Users/anandnair/.m2/repository/com/google/guava/failureaccess/1.0.1/failureaccess-1.0.1.jar:/Users/anandnair/.m2/repository/com/google/guava/listenablefuture/9999.0-empty-to-avoid-conflict-with-guava/listenablefuture-9999.0-empty-to-avoid-conflict-with-guava.jar:/Users/anandnair/.m2/repository/org/checkerframework/checker-compat-qual/2.5.5/checker-compat-qual-2.5.5.jar:/Users/anandnair/.m2/repository/com/google/errorprone/error_prone_annotations/2.3.4/error_prone_annotations-2.3.4.jar:/Users/anandnair/.m2/repository/com/google/j2objc/j2objc-annotations/1.3/j2objc-annotations-1.3.jar:/Users/anandnair/.m2/repository/com/github/java-json-tools/jackson-coreutils-equivalence/1.0/jackson-coreutils-equivalence-1.0.jar:/Users/anandnair/.m2/repository/com/fasterxml/jackson/core/jackson-databind/2.11.0/jackson-databind-2.11.0.jar:/Users/anandnair/.m2/repository/com/fasterxml/jackson/core/jackson-annotations/2.11.0/jackson-annotations-2.11.0.jar:/Users/anandnair/.m2/repository/com/fasterxml/jackson/core/jackson-core/2.11.0/jackson-core-2.11.0.jar:/Users/anandnair/.m2/repository/com/github/java-json-tools/jackson-coreutils/2.0/jackson-coreutils-2.0.jar:/Users/anandnair/.m2/repository/com/github/java-json-tools/msg-simple/1.2/msg-simple-1.2.jar:/Users/anandnair/.m2/repository/com/github/java-json-tools/btf/1.3/btf-1.3.jar:/Users/anandnair/.m2/repository/com/github/java-json-tools/json-schema-core/1.2.14/json-schema-core-1.2.14.jar:/Users/anandnair/.m2/repository/com/github/java-json-tools/uri-template/0.10/uri-template-0.10.jar:/Users/anandnair/.m2/repository/org/mozilla/rhino/1.7.7.2/rhino-1.7.7.2.jar:/Users/anandnair/.m2/repository/com/sun/mail/mailapi/1.6.2/mailapi-1.6.2.jar:/Users/anandnair/.m2/repository/joda-time/joda-time/2.10.5/joda-time-2.10.5.jar:/Users/anandnair/.m2/repository/com/googlecode/libphonenumber/libphonenumber/8.11.1/libphonenumber-8.11.1.jar:/Users/anandnair/.m2/repository/net/sf/jopt-simple/jopt-simple/5.0.4/jopt-simple-5.0.4.jar:/Users/anandnair/.m2/repository/com/aventstack/extentreports/5.0.9/extentreports-5.0.9.jar:/Users/anandnair/.m2/repository/io/reactivex/rxjava3/rxjava/3.0.4/rxjava-3.0.4.jar:/Users/anandnair/.m2/repository/org/reactivestreams/reactive-streams/1.0.3/reactive-streams-1.0.3.jar:/Users/anandnair/.m2/repository/org/freemarker/freemarker/2.3.30/freemarker-2.3.30.jar:/Users/anandnair/.m2/repository/com/google/code/gson/gson/2.8.6/gson-2.8.6.jar:/Users/anandnair/.m2/repository/org/apache/poi/poi/5.2.2/poi-5.2.2.jar:/Users/anandnair/.m2/repository/commons-codec/commons-codec/1.15/commons-codec-1.15.jar:/Users/anandnair/.m2/repository/org/apache/commons/commons-collections4/4.4/commons-collections4-4.4.jar:/Users/anandnair/.m2/repository/org/apache/commons/commons-math3/3.6.1/commons-math3-3.6.1.jar:/Users/anandnair/.m2/repository/commons-io/commons-io/2.11.0/commons-io-2.11.0.jar:/Users/anandnair/.m2/repository/com/zaxxer/SparseBitSet/1.2/SparseBitSet-1.2.jar:/Users/anandnair/.m2/repository/org/apache/poi/poi-ooxml/5.2.2/poi-ooxml-5.2.2.jar:/Users/anandnair/.m2/repository/org/apache/poi/poi-ooxml-lite/5.2.2/poi-ooxml-lite-5.2.2.jar:/Users/anandnair/.m2/repository/org/apache/xmlbeans/xmlbeans/5.0.3/xmlbeans-5.0.3.jar:/Users/anandnair/.m2/repository/org/apache/commons/commons-compress/1.21/commons-compress-1.21.jar:/Users/anandnair/.m2/repository/com/github/virtuald/curvesapi/1.07/curvesapi-1.07.jar:/Users/anandnair/.m2/repository/com/github/javafaker/javafaker/1.0.2/javafaker-1.0.2.jar:/Users/anandnair/.m2/repository/org/apache/commons/commons-lang3/3.5/commons-lang3-3.5.jar:/Users/anandnair/.m2/repository/org/yaml/snakeyaml/1.23/snakeyaml-1.23-android.jar:/Users/anandnair/.m2/repository/com/github/mifmif/generex/1.0.2/generex-1.0.2.jar:/Users/anandnair/.m2/repository/dk/brics/automaton/automaton/1.11-8/automaton-1.11-8.jar:/Users/anandnair/.m2/repository/org/projectlombok/lombok/1.18.24/lombok-1.18.24.jar:/Users/anandnair/.m2/repository/org/apache/logging/log4j/log4j-api/2.18.0/log4j-api-2.18.0.jar:"/>
    <property name="java.vm.vendor" value="Oracle Corporation"/>
    <property name="sun.arch.data.model" value="64"/>
    <property name="java.vendor.url" value="https://java.oracle.com/"/>
    <property name="user.timezone" value="Australia/Sydney"/>
    <property name="os.name" value="Mac OS X"/>
    <property name="java.vm.specification.version" value="21"/>
    <property name="sun.java.launcher" value="SUN_STANDARD"/>
    <property name="user.country" value="AU"/>
    <property name="sun.boot.library.path" value="/Library/Java/JavaVirtualMachines/jdk-21.jdk/Contents/Home/lib"/>
    <property name="sun.java.command" value="/Users/anandnair/eclipse-workspace/petstoreAPI/target/surefire/surefirebooter-20240205210808405_3.jar /Users/anandnair/eclipse-workspace/petstoreAPI/target/surefire 2024-02-05T21-08-08_362-jvmRun1 surefire-20240205210808405_1tmp surefire_0-20240205210808405_2tmp"/>
    <property name="http.nonProxyHosts" value="local|*.local|169.254/16|*.169.254/16"/>
    <property name="jdk.debug" value="release"/>
    <property name="surefire.test.class.path" value="/Users/anandnair/eclipse-workspace/petstoreAPI/target/test-classes:/Users/anandnair/eclipse-workspace/petstoreAPI/target/classes:/Users/anandnair/.m2/repository/io/rest-assured/rest-assured/5.1.1/rest-assured-5.1.1.jar:/Users/anandnair/.m2/repository/org/apache/groovy/groovy/4.0.1/groovy-4.0.1.jar:/Users/anandnair/.m2/repository/org/apache/groovy/groovy-xml/4.0.1/groovy-xml-4.0.1.jar:/Users/anandnair/.m2/repository/org/apache/httpcomponents/httpclient/4.5.13/httpclient-4.5.13.jar:/Users/anandnair/.m2/repository/org/apache/httpcomponents/httpcore/4.4.13/httpcore-4.4.13.jar:/Users/anandnair/.m2/repository/commons-logging/commons-logging/1.2/commons-logging-1.2.jar:/Users/anandnair/.m2/repository/org/apache/httpcomponents/httpmime/4.5.13/httpmime-4.5.13.jar:/Users/anandnair/.m2/repository/org/hamcrest/hamcrest/2.1/hamcrest-2.1.jar:/Users/anandnair/.m2/repository/org/ccil/cowan/tagsoup/tagsoup/1.2.1/tagsoup-1.2.1.jar:/Users/anandnair/.m2/repository/io/rest-assured/xml-path/5.1.1/xml-path-5.1.1.jar:/Users/anandnair/.m2/repository/io/rest-assured/json-path/5.1.1/json-path-5.1.1.jar:/Users/anandnair/.m2/repository/org/apache/groovy/groovy-json/4.0.1/groovy-json-4.0.1.jar:/Users/anandnair/.m2/repository/io/rest-assured/rest-assured-common/5.1.1/rest-assured-common-5.1.1.jar:/Users/anandnair/.m2/repository/org/json/json/20220320/json-20220320.jar:/Users/anandnair/.m2/repository/org/testng/testng/7.6.1/testng-7.6.1.jar:/Users/anandnair/.m2/repository/com/google/code/findbugs/jsr305/3.0.2/jsr305-3.0.2.jar:/Users/anandnair/.m2/repository/org/slf4j/slf4j-api/1.7.36/slf4j-api-1.7.36.jar:/Users/anandnair/.m2/repository/com/beust/jcommander/1.82/jcommander-1.82.jar:/Users/anandnair/.m2/repository/org/webjars/jquery/3.6.0/jquery-3.6.0.jar:/Users/anandnair/.m2/repository/io/rest-assured/json-schema-validator/5.1.1/json-schema-validator-5.1.1.jar:/Users/anandnair/.m2/repository/com/github/java-json-tools/json-schema-validator/2.2.14/json-schema-validator-2.2.14.jar:/Users/anandnair/.m2/repository/com/google/guava/guava/28.2-android/guava-28.2-android.jar:/Users/anandnair/.m2/repository/com/google/guava/failureaccess/1.0.1/failureaccess-1.0.1.jar:/Users/anandnair/.m2/repository/com/google/guava/listenablefuture/9999.0-empty-to-avoid-conflict-with-guava/listenablefuture-9999.0-empty-to-avoid-conflict-with-guava.jar:/Users/anandnair/.m2/repository/org/checkerframework/checker-compat-qual/2.5.5/checker-compat-qual-2.5.5.jar:/Users/anandnair/.m2/repository/com/google/errorprone/error_prone_annotations/2.3.4/error_prone_annotations-2.3.4.jar:/Users/anandnair/.m2/repository/com/google/j2objc/j2objc-annotations/1.3/j2objc-annotations-1.3.jar:/Users/anandnair/.m2/repository/com/github/java-json-tools/jackson-coreutils-equivalence/1.0/jackson-coreutils-equivalence-1.0.jar:/Users/anandnair/.m2/repository/com/fasterxml/jackson/core/jackson-databind/2.11.0/jackson-databind-2.11.0.jar:/Users/anandnair/.m2/repository/com/fasterxml/jackson/core/jackson-annotations/2.11.0/jackson-annotations-2.11.0.jar:/Users/anandnair/.m2/repository/com/fasterxml/jackson/core/jackson-core/2.11.0/jackson-core-2.11.0.jar:/Users/anandnair/.m2/repository/com/github/java-json-tools/jackson-coreutils/2.0/jackson-coreutils-2.0.jar:/Users/anandnair/.m2/repository/com/github/java-json-tools/msg-simple/1.2/msg-simple-1.2.jar:/Users/anandnair/.m2/repository/com/github/java-json-tools/btf/1.3/btf-1.3.jar:/Users/anandnair/.m2/repository/com/github/java-json-tools/json-schema-core/1.2.14/json-schema-core-1.2.14.jar:/Users/anandnair/.m2/repository/com/github/java-json-tools/uri-template/0.10/uri-template-0.10.jar:/Users/anandnair/.m2/repository/org/mozilla/rhino/1.7.7.2/rhino-1.7.7.2.jar:/Users/anandnair/.m2/repository/com/sun/mail/mailapi/1.6.2/mailapi-1.6.2.jar:/Users/anandnair/.m2/repository/joda-time/joda-time/2.10.5/joda-time-2.10.5.jar:/Users/anandnair/.m2/repository/com/googlecode/libphonenumber/libphonenumber/8.11.1/libphonenumber-8.11.1.jar:/Users/anandnair/.m2/repository/net/sf/jopt-simple/jopt-simple/5.0.4/jopt-simple-5.0.4.jar:/Users/anandnair/.m2/repository/com/aventstack/extentreports/5.0.9/extentreports-5.0.9.jar:/Users/anandnair/.m2/repository/io/reactivex/rxjava3/rxjava/3.0.4/rxjava-3.0.4.jar:/Users/anandnair/.m2/repository/org/reactivestreams/reactive-streams/1.0.3/reactive-streams-1.0.3.jar:/Users/anandnair/.m2/repository/org/freemarker/freemarker/2.3.30/freemarker-2.3.30.jar:/Users/anandnair/.m2/repository/com/google/code/gson/gson/2.8.6/gson-2.8.6.jar:/Users/anandnair/.m2/repository/org/apache/poi/poi/5.2.2/poi-5.2.2.jar:/Users/anandnair/.m2/repository/commons-codec/commons-codec/1.15/commons-codec-1.15.jar:/Users/anandnair/.m2/repository/org/apache/commons/commons-collections4/4.4/commons-collections4-4.4.jar:/Users/anandnair/.m2/repository/org/apache/commons/commons-math3/3.6.1/commons-math3-3.6.1.jar:/Users/anandnair/.m2/repository/commons-io/commons-io/2.11.0/commons-io-2.11.0.jar:/Users/anandnair/.m2/repository/com/zaxxer/SparseBitSet/1.2/SparseBitSet-1.2.jar:/Users/anandnair/.m2/repository/org/apache/poi/poi-ooxml/5.2.2/poi-ooxml-5.2.2.jar:/Users/anandnair/.m2/repository/org/apache/poi/poi-ooxml-lite/5.2.2/poi-ooxml-lite-5.2.2.jar:/Users/anandnair/.m2/repository/org/apache/xmlbeans/xmlbeans/5.0.3/xmlbeans-5.0.3.jar:/Users/anandnair/.m2/repository/org/apache/commons/commons-compress/1.21/commons-compress-1.21.jar:/Users/anandnair/.m2/repository/com/github/virtuald/curvesapi/1.07/curvesapi-1.07.jar:/Users/anandnair/.m2/repository/com/github/javafaker/javafaker/1.0.2/javafaker-1.0.2.jar:/Users/anandnair/.m2/repository/org/apache/commons/commons-lang3/3.5/commons-lang3-3.5.jar:/Users/anandnair/.m2/repository/org/yaml/snakeyaml/1.23/snakeyaml-1.23-android.jar:/Users/anandnair/.m2/repository/com/github/mifmif/generex/1.0.2/generex-1.0.2.jar:/Users/anandnair/.m2/repository/dk/brics/automaton/automaton/1.11-8/automaton-1.11-8.jar:/Users/anandnair/.m2/repository/org/projectlombok/lombok/1.18.24/lombok-1.18.24.jar:/Users/anandnair/.m2/repository/org/apache/logging/log4j/log4j-api/2.18.0/log4j-api-2.18.0.jar:"/>
    <property name="sun.cpu.endian" value="little"/>
    <property name="user.home" value="/Users/anandnair"/>
    <property name="user.language" value="en"/>
    <property name="java.specification.vendor" value="Oracle Corporation"/>
    <property name="java.version.date" value="2023-09-19"/>
    <property name="java.home" value="/Library/Java/JavaVirtualMachines/jdk-21.jdk/Contents/Home"/>
    <property name="file.separator" value="/"/>
    <property name="basedir" value="/Users/anandnair/eclipse-workspace/petstoreAPI"/>
    <property name="java.vm.compressedOopsMode" value="Zero based"/>
    <property name="line.separator" value="&#10;"/>
    <property name="java.vm.specification.vendor" value="Oracle Corporation"/>
    <property name="java.specification.name" value="Java Platform API Specification"/>
    <property name="apple.awt.application.name" value="ForkedBooter"/>
    <property name="surefire.real.class.path" value="/Users/anandnair/eclipse-workspace/petstoreAPI/target/surefire/surefirebooter-20240205210808405_3.jar"/>
    <property name="sun.management.compiler" value="HotSpot 64-Bit Tiered Compilers"/>
    <property name="ftp.nonProxyHosts" value="local|*.local|169.254/16|*.169.254/16"/>
    <property name="java.runtime.version" value="21+35-LTS-2513"/>
    <property name="user.name" value="anandnair"/>
    <property name="stdout.encoding" value="UTF-8"/>
    <property name="path.separator" value=":"/>
    <property name="os.version" value="12.6"/>
    <property name="java.runtime.name" value="Java(TM) SE Runtime Environment"/>
    <property name="file.encoding" value="UTF-8"/>
    <property name="java.vm.name" value="Java HotSpot(TM) 64-Bit Server VM"/>
    <property name="localRepository" value="/Users/anandnair/.m2/repository"/>
    <property name="java.vendor.url.bug" value="https://bugreport.java.com/bugreport/"/>
    <property name="java.io.tmpdir" value="/var/folders/nc/6shfjbcj399_xjfsjgj9npbc0000gn/T/"/>
    <property name="java.version" value="21"/>
    <property name="user.dir" value="/Users/anandnair/eclipse-workspace/petstoreAPI"/>
    <property name="os.arch" value="aarch64"/>
    <property name="java.vm.specification.name" value="Java Virtual Machine Specification"/>
    <property name="native.encoding" value="UTF-8"/>
    <property name="java.library.path" value="/Users/anandnair/Library/Java/Extensions:/Library/Java/Extensions:/Network/Library/Java/Extensions:/System/Library/Java/Extensions:/usr/lib/java:."/>
    <property name="java.vm.info" value="mixed mode, sharing"/>
    <property name="stderr.encoding" value="UTF-8"/>
    <property name="java.vendor" value="Oracle Corporation"/>
    <property name="java.vm.version" value="21+35-LTS-2513"/>
    <property name="sun.io.unicode.encoding" value="UnicodeBig"/>
    <property name="socksNonProxyHosts" value="local|*.local|169.254/16|*.169.254/16"/>
    <property name="java.class.version" value="65.0"/>
  </properties>
  <testcase name="testPostuserWithDataProvider[1010, testuser1, John, Canedy, a@gmail.com, test@1, 1234567897](1)" classname="petstoreAPI.api.test.APItests" time="2.286">
    <system-err><![CDATA[SLF4J: Failed to load class "org.slf4j.impl.StaticLoggerBinder".
SLF4J: Defaulting to no-operation (NOP) logger implementation
SLF4J: See http://www.slf4j.org/codes.html#StaticLoggerBinder for further details.
ERROR StatusLogger Log4j2 could not find a logging implementation. Please add log4j-core to the classpath. Using SimpleLogger to log to the console...
]]></system-err>
  </testcase>
  <testcase name="testPostuserWithDataProvider[1020, testuser2, Kim, Kom, b@gmail.com, test@2, 1234567897](2)" classname="petstoreAPI.api.test.APItests" time="1.508"/>
  <testcase name="testPostuserWithDataProvider[1030, testuser3, Smith, Steve, c@gmail.com, test@3, 1234567897](3)" classname="petstoreAPI.api.test.APItests" time="1.533"/>
  <testcase name="testDeleteUserByNameWithDataProvider[testuser1](1)" classname="petstoreAPI.api.test.APItests" time="1.59"/>
  <testcase name="testDeleteUserByNameWithDataProvider[testuser2](2)" classname="petstoreAPI.api.test.APItests" time="1.637"/>
  <testcase name="testDeleteUserByNameWithDataProvider[testuser3](3)" classname="petstoreAPI.api.test.APItests" time="1.48"/>
  <testcase name="testPostUser" classname="petstoreAPI.api.test.UserTestWithSingleData" time="1.632">
    <system-out><![CDATA[HTTP/1.1 200 OK
Date: Mon, 05 Feb 2024 10:08:20 GMT
Content-Type: application/json
Transfer-Encoding: chunked
Connection: keep-alive
Access-Control-Allow-Origin: *
Access-Control-Allow-Methods: GET, POST, DELETE, PUT
Access-Control-Allow-Headers: Content-Type, api_key, Authorization
Server: Jetty(9.2.9.v20150224)

{
    "code": 200,
    "type": "unknown",
    "message": "1192787792"
}
]]></system-out>
  </testcase>
  <testcase name="testGetUserByName" classname="petstoreAPI.api.test.UserTestWithSingleData" time="1.401">
    <system-out><![CDATA[HTTP/1.1 200 OK
Date: Mon, 05 Feb 2024 10:08:22 GMT
Content-Type: application/json
Transfer-Encoding: chunked
Connection: keep-alive
Access-Control-Allow-Origin: *
Access-Control-Allow-Methods: GET, POST, DELETE, PUT
Access-Control-Allow-Headers: Content-Type, api_key, Authorization
Server: Jetty(9.2.9.v20150224)

{
    "id": 1192787792,
    "username": "taylor.cormier",
    "firstName": "June",
    "lastName": "Fahey",
    "email": "carla.collier@example.com",
    "password": "795du2jk",
    "phone": "(189) 111-2499",
    "userStatus": 0
}
]]></system-out>
  </testcase>
  <testcase name="testUpdateUserByName" classname="petstoreAPI.api.test.UserTestWithSingleData" time="3.171">
    <system-out><![CDATA[{
    "code": 200,
    "type": "unknown",
    "message": "1192787792"
}
]]></system-out>
  </testcase>
  <testcase name="testDeleteUserByName" classname="petstoreAPI.api.test.UserTestWithSingleData" time="1.432"/>
</testsuite>