<?xml version="1.0" encoding="UTF-8"?>
<!-- Generated by org.testng.reporters.JUnitReportReporter -->
<testsuite hostname="192-168-1-156.tpgi.com.au" failures="0" tests="6" name="petstoreAPI.api.test.APItests" time="9.608" errors="0" timestamp="2024-02-05T20:41:04 AEDT" skipped="0">
  <testcase classname="petstoreAPI.api.test.APItests" name="testPostuser" time="1.527"/>
  <system-out/>
  <testcase classname="petstoreAPI.api.test.APItests" name="testPostuser" time="2.219"/>
  <system-out/>
  <testcase classname="petstoreAPI.api.test.APItests" name="testPostuser" time="1.504"/>
  <system-out/>
  <testcase classname="petstoreAPI.api.test.APItests" name="testDeleteUserByName" time="1.360"/>
  <system-out/>
  <testcase classname="petstoreAPI.api.test.APItests" name="testDeleteUserByName" time="1.501"/>
  <system-out/>
  <testcase classname="petstoreAPI.api.test.APItests" name="testDeleteUserByName" time="1.497"/>
  <system-out/>
</testsuite> <!-- petstoreAPI.api.test.APItests -->
