<?xml version="1.0" encoding="UTF-8"?>
<!-- Generated by org.testng.reporters.JUnitReportReporter -->
<testsuite hostname="192-168-1-156.tpgi.com.au" failures="0" tests="4" name="petstoreAPI.api.test.UserTestWithSingleData" time="7.630" errors="0" timestamp="2024-02-05T21:08:27 AEDT" skipped="0">
  <testcase classname="petstoreAPI.api.test.UserTestWithSingleData" name="testPostUser" time="1.631"/>
  <system-out/>
  <testcase classname="petstoreAPI.api.test.UserTestWithSingleData" name="testGetUserByName" time="1.399"/>
  <system-out/>
  <testcase classname="petstoreAPI.api.test.UserTestWithSingleData" name="testUpdateUserByName" time="3.169"/>
  <system-out/>
  <testcase classname="petstoreAPI.api.test.UserTestWithSingleData" name="testDeleteUserByName" time="1.431"/>
  <system-out/>
</testsuite> <!-- petstoreAPI.api.test.UserTestWithSingleData -->
