<?xml version="1.0" encoding="UTF-8"?>
<!-- Generated by org.testng.reporters.JUnitReportReporter -->
<testsuite hostname="192-168-1-156.tpgi.com.au" failures="0" tests="6" name="petstoreAPI.api.test.APItests" time="10.019" errors="0" timestamp="2024-02-05T21:08:27 AEDT" skipped="0">
  <testcase classname="petstoreAPI.api.test.APItests" name="testPostuserWithDataProvider" time="1.506"/>
  <system-out/>
  <testcase classname="petstoreAPI.api.test.APItests" name="testPostuserWithDataProvider" time="1.532"/>
  <system-out/>
  <testcase classname="petstoreAPI.api.test.APItests" name="testPostuserWithDataProvider" time="2.280"/>
  <system-out/>
  <testcase classname="petstoreAPI.api.test.APItests" name="testDeleteUserByNameWithDataProvider" time="1.588"/>
  <system-out/>
  <testcase classname="petstoreAPI.api.test.APItests" name="testDeleteUserByNameWithDataProvider" time="1.477"/>
  <system-out/>
  <testcase classname="petstoreAPI.api.test.APItests" name="testDeleteUserByNameWithDataProvider" time="1.636"/>
  <system-out/>
</testsuite> <!-- petstoreAPI.api.test.APItests -->
